0 info it worked if it ends with ok
1 verbose cli [ '/usr/bin/node',
1 verbose cli   '/usr/bin/npm',
1 verbose cli   'install',
1 verbose cli   '--save',
1 verbose cli   'package_name',
1 verbose cli   '--unsafe-perm=true',
1 verbose cli   '--allow-root' ]
2 info using npm@3.5.2
3 info using node@v8.10.0
4 silly loadCurrentTree Starting
5 silly install loadCurrentTree
6 silly install readLocalPackageData
7 silly fetchPackageMetaData package_name
8 silly fetchNamedPackageData package_name
9 silly mapToRegistry name package_name
10 silly mapToRegistry using default registry
11 silly mapToRegistry registry https://registry.npmjs.org/
12 silly mapToRegistry uri https://registry.npmjs.org/package_name
13 verbose request uri https://registry.npmjs.org/package_name
14 verbose request no auth needed
15 info attempt registry request try #1 at 10:35:46 AM
16 verbose request id 4847bbb908a28618
17 http request GET https://registry.npmjs.org/package_name
18 http 200 https://registry.npmjs.org/package_name
19 verbose headers { date: 'Tue, 12 Nov 2019 16:35:47 GMT',
19 verbose headers   'content-type': 'application/json; charset=UTF-8',
19 verbose headers   'transfer-encoding': 'chunked',
19 verbose headers   connection: 'keep-alive',
19 verbose headers   'set-cookie':
19 verbose headers    [ '__cfduid=dcce78f0cabf862a644d28386fb4258a91573576547; expires=Wed, 11-Nov-20 16:35:47 GMT; path=/; domain=.npmjs.org; HttpOnly' ],
19 verbose headers   'cf-cache-status': 'MISS',
19 verbose headers   'cache-control': 'max-age=300',
19 verbose headers   'cf-ray': '5349ebcaf8aab3e2-IAH',
19 verbose headers   etag: 'W/"d8f6df3eb6a90602532b7168c92ddfc4"',
19 verbose headers   'expect-ct': 'max-age=604800, report-uri="https://report-uri.cloudflare.com/cdn-cgi/beacon/expect-ct"',
19 verbose headers   'last-modified': 'Sun, 27 May 2018 11:42:52 GMT',
19 verbose headers   vary: 'accept-encoding, accept',
19 verbose headers   server: 'cloudflare',
19 verbose headers   'content-encoding': 'gzip' }
20 silly get cb [ 200,
20 silly get   { date: 'Tue, 12 Nov 2019 16:35:47 GMT',
20 silly get     'content-type': 'application/json; charset=UTF-8',
20 silly get     'transfer-encoding': 'chunked',
20 silly get     connection: 'keep-alive',
20 silly get     'set-cookie':
20 silly get      [ '__cfduid=dcce78f0cabf862a644d28386fb4258a91573576547; expires=Wed, 11-Nov-20 16:35:47 GMT; path=/; domain=.npmjs.org; HttpOnly' ],
20 silly get     'cf-cache-status': 'MISS',
20 silly get     'cache-control': 'max-age=300',
20 silly get     'cf-ray': '5349ebcaf8aab3e2-IAH',
20 silly get     etag: 'W/"d8f6df3eb6a90602532b7168c92ddfc4"',
20 silly get     'expect-ct': 'max-age=604800, report-uri="https://report-uri.cloudflare.com/cdn-cgi/beacon/expect-ct"',
20 silly get     'last-modified': 'Sun, 27 May 2018 11:42:52 GMT',
20 silly get     vary: 'accept-encoding, accept',
20 silly get     server: 'cloudflare',
20 silly get     'content-encoding': 'gzip' } ]
21 verbose get saving package_name to /home/samuel/.npm/registry.npmjs.org/package_name/.cache.json
22 silly install normalizeTree
23 silly loadCurrentTree Finishing
24 silly loadIdealTree Starting
25 silly install loadIdealTree
26 silly cloneCurrentTree Starting
27 silly install cloneCurrentTreeToIdealTree
28 silly cloneCurrentTree Finishing
29 silly loadShrinkwrap Starting
30 silly install loadShrinkwrap
31 silly loadShrinkwrap Finishing
32 silly loadAllDepsIntoIdealTree Starting
33 silly install loadAllDepsIntoIdealTree
34 silly resolveWithNewModule package_name@1.0.2 checking installable status
35 silly cache add args [ 'package_name', null ]
36 verbose cache add spec package_name
37 silly cache add parsed spec Result {
37 silly cache add   raw: 'package_name',
37 silly cache add   scope: null,
37 silly cache add   name: 'package_name',
37 silly cache add   rawSpec: '',
37 silly cache add   spec: 'latest',
37 silly cache add   type: 'tag' }
38 silly addNamed package_name@latest
39 verbose addNamed "latest" is being treated as a dist-tag for package_name
40 info addNameTag [ 'package_name', 'latest' ]
41 silly mapToRegistry name package_name
42 silly mapToRegistry using default registry
43 silly mapToRegistry registry https://registry.npmjs.org/
44 silly mapToRegistry uri https://registry.npmjs.org/package_name
45 verbose addNameTag registry:https://registry.npmjs.org/package_name not in flight; fetching
46 verbose get https://registry.npmjs.org/package_name not expired, no request
47 silly addNameTag next cb for package_name with tag latest
48 silly addNamed package_name@1.0.2
49 verbose addNamed "1.0.2" is a plain semver version for package_name
50 silly mapToRegistry name package_name
51 silly mapToRegistry using default registry
52 silly mapToRegistry registry https://registry.npmjs.org/
53 silly mapToRegistry uri https://registry.npmjs.org/package_name
54 verbose addRemoteTarball https://registry.npmjs.org/package_name/-/package_name-1.0.2.tgz not in flight; adding
55 verbose addRemoteTarball [ 'https://registry.npmjs.org/package_name/-/package_name-1.0.2.tgz',
55 verbose addRemoteTarball   '79807392789873115f18ca4231f6f5602ed0ef63' ]
56 info retry fetch attempt 1 at 10:35:47 AM
57 info attempt registry request try #1 at 10:35:47 AM
58 http fetch GET https://registry.npmjs.org/package_name/-/package_name-1.0.2.tgz
59 http fetch 200 https://registry.npmjs.org/package_name/-/package_name-1.0.2.tgz
60 silly fetchAndShaCheck shasum 79807392789873115f18ca4231f6f5602ed0ef63
61 verbose addTmpTarball /tmp/npm-10092-64783579/registry.npmjs.org/package_name/-/package_name-1.0.2.tgz not in flight; adding
62 verbose addTmpTarball already have metadata; skipping unpack for package_name@1.0.2
63 silly cache afterAdd package_name@1.0.2
64 verbose afterAdd /home/samuel/.npm/package_name/1.0.2/package/package.json not in flight; writing
65 verbose afterAdd /home/samuel/.npm/package_name/1.0.2/package/package.json written
66 silly fetchNamedPackageData colors
67 silly mapToRegistry name colors
68 silly mapToRegistry using default registry
69 silly mapToRegistry registry https://registry.npmjs.org/
70 silly mapToRegistry uri https://registry.npmjs.org/colors
71 silly fetchNamedPackageData express
72 silly mapToRegistry name express
73 silly mapToRegistry using default registry
74 silly mapToRegistry registry https://registry.npmjs.org/
75 silly mapToRegistry uri https://registry.npmjs.org/express
76 silly fetchNamedPackageData optimist
77 silly mapToRegistry name optimist
78 silly mapToRegistry using default registry
79 silly mapToRegistry registry https://registry.npmjs.org/
80 silly mapToRegistry uri https://registry.npmjs.org/optimist
81 verbose request uri https://registry.npmjs.org/colors
82 verbose request no auth needed
83 info attempt registry request try #1 at 10:35:47 AM
84 http request GET https://registry.npmjs.org/colors
85 verbose request uri https://registry.npmjs.org/optimist
86 verbose request no auth needed
87 info attempt registry request try #1 at 10:35:47 AM
88 http request GET https://registry.npmjs.org/optimist
89 verbose request uri https://registry.npmjs.org/express
90 verbose request no auth needed
91 info attempt registry request try #1 at 10:35:47 AM
92 verbose etag W/"f940e01a8b2087129c426bf8863780bc"
93 verbose lastModified Wed, 07 Aug 2019 14:59:56 GMT
94 http request GET https://registry.npmjs.org/express
95 http 200 https://registry.npmjs.org/colors
96 verbose headers { date: 'Tue, 12 Nov 2019 16:35:47 GMT',
96 verbose headers   'content-type': 'application/json',
96 verbose headers   'transfer-encoding': 'chunked',
96 verbose headers   connection: 'keep-alive',
96 verbose headers   'set-cookie':
96 verbose headers    [ '__cfduid=dcce78f0cabf862a644d28386fb4258a91573576547; expires=Wed, 11-Nov-20 16:35:47 GMT; path=/; domain=.npmjs.org; HttpOnly' ],
96 verbose headers   'cf-cache-status': 'HIT',
96 verbose headers   'cache-control': 'max-age=300',
96 verbose headers   'cf-ray': '5349ebd02de3b3e2-IAH',
96 verbose headers   age: '373',
96 verbose headers   etag: 'W/"64409f180c5fe836269a137c233ef66d"',
96 verbose headers   'expect-ct': 'max-age=604800, report-uri="https://report-uri.cloudflare.com/cdn-cgi/beacon/expect-ct"',
96 verbose headers   'last-modified': 'Sun, 22 Sep 2019 23:46:11 GMT',
96 verbose headers   vary: 'accept-encoding, accept',
96 verbose headers   'x-amz-meta-rev': '596-6b49eb3068c17cff65fd14e684fea356',
96 verbose headers   server: 'cloudflare',
96 verbose headers   'content-encoding': 'gzip' }
97 silly get cb [ 200,
97 silly get   { date: 'Tue, 12 Nov 2019 16:35:47 GMT',
97 silly get     'content-type': 'application/json',
97 silly get     'transfer-encoding': 'chunked',
97 silly get     connection: 'keep-alive',
97 silly get     'set-cookie':
97 silly get      [ '__cfduid=dcce78f0cabf862a644d28386fb4258a91573576547; expires=Wed, 11-Nov-20 16:35:47 GMT; path=/; domain=.npmjs.org; HttpOnly' ],
97 silly get     'cf-cache-status': 'HIT',
97 silly get     'cache-control': 'max-age=300',
97 silly get     'cf-ray': '5349ebd02de3b3e2-IAH',
97 silly get     age: '373',
97 silly get     etag: 'W/"64409f180c5fe836269a137c233ef66d"',
97 silly get     'expect-ct': 'max-age=604800, report-uri="https://report-uri.cloudflare.com/cdn-cgi/beacon/expect-ct"',
97 silly get     'last-modified': 'Sun, 22 Sep 2019 23:46:11 GMT',
97 silly get     vary: 'accept-encoding, accept',
97 silly get     'x-amz-meta-rev': '596-6b49eb3068c17cff65fd14e684fea356',
97 silly get     server: 'cloudflare',
97 silly get     'content-encoding': 'gzip' } ]
98 verbose get saving colors to /home/samuel/.npm/registry.npmjs.org/colors/.cache.json
99 silly resolveWithNewModule colors@0.6.2 checking installable status
100 silly cache add args [ 'colors@0.x.x', null ]
101 verbose cache add spec colors@0.x.x
102 silly cache add parsed spec Result {
102 silly cache add   raw: 'colors@0.x.x',
102 silly cache add   scope: null,
102 silly cache add   name: 'colors',
102 silly cache add   rawSpec: '0.x.x',
102 silly cache add   spec: '>=0.0.0 <1.0.0',
102 silly cache add   type: 'range' }
103 silly addNamed colors@>=0.0.0 <1.0.0
104 verbose addNamed ">=0.0.0 <1.0.0" is a valid semver range for colors
105 silly addNameRange { name: 'colors', range: '>=0.0.0 <1.0.0', hasData: false }
106 silly mapToRegistry name colors
107 silly mapToRegistry using default registry
108 silly mapToRegistry registry https://registry.npmjs.org/
109 silly mapToRegistry uri https://registry.npmjs.org/colors
110 verbose addNameRange registry:https://registry.npmjs.org/colors not in flight; fetching
111 verbose get https://registry.npmjs.org/colors not expired, no request
112 silly addNameRange number 2 { name: 'colors', range: '>=0.0.0 <1.0.0', hasData: true }
113 silly addNameRange versions [ 'colors',
113 silly addNameRange   [ '0.3.0',
113 silly addNameRange     '0.5.0',
113 silly addNameRange     '0.5.1',
113 silly addNameRange     '0.6.0',
113 silly addNameRange     '0.6.0-1',
113 silly addNameRange     '0.6.1',
113 silly addNameRange     '0.6.2',
113 silly addNameRange     '1.0.0',
113 silly addNameRange     '1.0.1',
113 silly addNameRange     '1.0.2',
113 silly addNameRange     '1.0.3',
113 silly addNameRange     '1.1.0',
113 silly addNameRange     '1.1.1',
113 silly addNameRange     '1.1.2',
113 silly addNameRange     '1.2.0-rc0',
113 silly addNameRange     '1.2.0',
113 silly addNameRange     '1.2.1',
113 silly addNameRange     '1.2.2',
113 silly addNameRange     '1.2.3',
113 silly addNameRange     '1.2.4',
113 silly addNameRange     '1.2.5',
113 silly addNameRange     '1.3.0',
113 silly addNameRange     '1.3.1',
113 silly addNameRange     '1.3.2',
113 silly addNameRange     '1.3.3',
113 silly addNameRange     '1.4.0' ] ]
114 silly addNamed colors@0.6.2
115 verbose addNamed "0.6.2" is a plain semver version for colors
116 silly mapToRegistry name colors
117 silly mapToRegistry using default registry
118 silly mapToRegistry registry https://registry.npmjs.org/
119 silly mapToRegistry uri https://registry.npmjs.org/colors
120 verbose addRemoteTarball https://registry.npmjs.org/colors/-/colors-0.6.2.tgz not in flight; adding
121 verbose addRemoteTarball [ 'https://registry.npmjs.org/colors/-/colors-0.6.2.tgz',
121 verbose addRemoteTarball   '2423fe6678ac0c5dae8852e5d0e5be08c997abcc' ]
122 info retry fetch attempt 1 at 10:35:47 AM
123 info attempt registry request try #1 at 10:35:47 AM
124 http fetch GET https://registry.npmjs.org/colors/-/colors-0.6.2.tgz
125 http 304 https://registry.npmjs.org/express
126 verbose headers { date: 'Tue, 12 Nov 2019 16:35:48 GMT',
126 verbose headers   connection: 'keep-alive',
126 verbose headers   'set-cookie':
126 verbose headers    [ '__cfduid=d8d377679fb6e1abf8727b6b8069ba67f1573576547; expires=Wed, 11-Nov-20 16:35:47 GMT; path=/; domain=.npmjs.org; HttpOnly' ],
126 verbose headers   'cf-cache-status': 'HIT',
126 verbose headers   'cache-control': 'max-age=300',
126 verbose headers   'cf-ray': '5349ebd0ed56b3b8-IAH',
126 verbose headers   age: '1695',
126 verbose headers   etag: '"f940e01a8b2087129c426bf8863780bc"',
126 verbose headers   'expect-ct': 'max-age=604800, report-uri="https://report-uri.cloudflare.com/cdn-cgi/beacon/expect-ct"',
126 verbose headers   'last-modified': 'Wed, 07 Aug 2019 14:59:56 GMT',
126 verbose headers   vary: 'accept-encoding, accept',
126 verbose headers   'x-amz-meta-rev': '3894-1adef653e6ae1507577911ce15dea3e4',
126 verbose headers   server: 'cloudflare' }
127 silly get cb [ 304,
127 silly get   { date: 'Tue, 12 Nov 2019 16:35:48 GMT',
127 silly get     connection: 'keep-alive',
127 silly get     'set-cookie':
127 silly get      [ '__cfduid=d8d377679fb6e1abf8727b6b8069ba67f1573576547; expires=Wed, 11-Nov-20 16:35:47 GMT; path=/; domain=.npmjs.org; HttpOnly' ],
127 silly get     'cf-cache-status': 'HIT',
127 silly get     'cache-control': 'max-age=300',
127 silly get     'cf-ray': '5349ebd0ed56b3b8-IAH',
127 silly get     age: '1695',
127 silly get     etag: '"f940e01a8b2087129c426bf8863780bc"',
127 silly get     'expect-ct': 'max-age=604800, report-uri="https://report-uri.cloudflare.com/cdn-cgi/beacon/expect-ct"',
127 silly get     'last-modified': 'Wed, 07 Aug 2019 14:59:56 GMT',
127 silly get     vary: 'accept-encoding, accept',
127 silly get     'x-amz-meta-rev': '3894-1adef653e6ae1507577911ce15dea3e4',
127 silly get     server: 'cloudflare' } ]
128 verbose etag https://registry.npmjs.org/express from cache
129 verbose get saving express to /home/samuel/.npm/registry.npmjs.org/express/.cache.json
130 http fetch 200 https://registry.npmjs.org/colors/-/colors-0.6.2.tgz
131 http 200 https://registry.npmjs.org/optimist
132 verbose headers { date: 'Tue, 12 Nov 2019 16:35:48 GMT',
132 verbose headers   'content-type': 'application/json; charset=UTF-8',
132 verbose headers   'transfer-encoding': 'chunked',
132 verbose headers   connection: 'keep-alive',
132 verbose headers   'set-cookie':
132 verbose headers    [ '__cfduid=d77fa90cef3c25c0ebec628753dfc2fd51573576547; expires=Wed, 11-Nov-20 16:35:47 GMT; path=/; domain=.npmjs.org; HttpOnly' ],
132 verbose headers   'cf-cache-status': 'HIT',
132 verbose headers   'cache-control': 'max-age=300',
132 verbose headers   'cf-ray': '5349ebd0e91bb382-IAH',
132 verbose headers   age: '4',
132 verbose headers   etag: 'W/"7f199122c7e79ed54ffcc0deb347222a"',
132 verbose headers   'expect-ct': 'max-age=604800, report-uri="https://report-uri.cloudflare.com/cdn-cgi/beacon/expect-ct"',
132 verbose headers   'last-modified': 'Sun, 27 May 2018 11:20:06 GMT',
132 verbose headers   vary: 'accept-encoding, accept',
132 verbose headers   server: 'cloudflare',
132 verbose headers   'content-encoding': 'gzip' }
133 silly get cb [ 200,
133 silly get   { date: 'Tue, 12 Nov 2019 16:35:48 GMT',
133 silly get     'content-type': 'application/json; charset=UTF-8',
133 silly get     'transfer-encoding': 'chunked',
133 silly get     connection: 'keep-alive',
133 silly get     'set-cookie':
133 silly get      [ '__cfduid=d77fa90cef3c25c0ebec628753dfc2fd51573576547; expires=Wed, 11-Nov-20 16:35:47 GMT; path=/; domain=.npmjs.org; HttpOnly' ],
133 silly get     'cf-cache-status': 'HIT',
133 silly get     'cache-control': 'max-age=300',
133 silly get     'cf-ray': '5349ebd0e91bb382-IAH',
133 silly get     age: '4',
133 silly get     etag: 'W/"7f199122c7e79ed54ffcc0deb347222a"',
133 silly get     'expect-ct': 'max-age=604800, report-uri="https://report-uri.cloudflare.com/cdn-cgi/beacon/expect-ct"',
133 silly get     'last-modified': 'Sun, 27 May 2018 11:20:06 GMT',
133 silly get     vary: 'accept-encoding, accept',
133 silly get     server: 'cloudflare',
133 silly get     'content-encoding': 'gzip' } ]
134 verbose get saving optimist to /home/samuel/.npm/registry.npmjs.org/optimist/.cache.json
135 silly fetchAndShaCheck shasum 2423fe6678ac0c5dae8852e5d0e5be08c997abcc
136 verbose addTmpTarball /tmp/npm-10092-64783579/registry.npmjs.org/colors/-/colors-0.6.2.tgz not in flight; adding
137 verbose addTmpTarball already have metadata; skipping unpack for colors@0.6.2
138 silly resolveWithNewModule express@2.3.12 checking installable status
139 silly cache add args [ 'express@2.3.x', null ]
140 verbose cache add spec express@2.3.x
141 silly cache add parsed spec Result {
141 silly cache add   raw: 'express@2.3.x',
141 silly cache add   scope: null,
141 silly cache add   name: 'express',
141 silly cache add   rawSpec: '2.3.x',
141 silly cache add   spec: '>=2.3.0 <2.4.0',
141 silly cache add   type: 'range' }
142 silly addNamed express@>=2.3.0 <2.4.0
143 verbose addNamed ">=2.3.0 <2.4.0" is a valid semver range for express
144 silly addNameRange { name: 'express', range: '>=2.3.0 <2.4.0', hasData: false }
145 silly mapToRegistry name express
146 silly mapToRegistry using default registry
147 silly mapToRegistry registry https://registry.npmjs.org/
148 silly mapToRegistry uri https://registry.npmjs.org/express
149 verbose addNameRange registry:https://registry.npmjs.org/express not in flight; fetching
150 silly resolveWithNewModule optimist@0.2.8 checking installable status
151 silly cache add args [ 'optimist@0.2.x', null ]
152 verbose cache add spec optimist@0.2.x
153 silly cache add parsed spec Result {
153 silly cache add   raw: 'optimist@0.2.x',
153 silly cache add   scope: null,
153 silly cache add   name: 'optimist',
153 silly cache add   rawSpec: '0.2.x',
153 silly cache add   spec: '>=0.2.0 <0.3.0',
153 silly cache add   type: 'range' }
154 silly addNamed optimist@>=0.2.0 <0.3.0
155 verbose addNamed ">=0.2.0 <0.3.0" is a valid semver range for optimist
156 silly addNameRange { name: 'optimist', range: '>=0.2.0 <0.3.0', hasData: false }
157 silly mapToRegistry name optimist
158 silly mapToRegistry using default registry
159 silly mapToRegistry registry https://registry.npmjs.org/
160 silly mapToRegistry uri https://registry.npmjs.org/optimist
161 verbose addNameRange registry:https://registry.npmjs.org/optimist not in flight; fetching
162 verbose get https://registry.npmjs.org/express not expired, no request
163 silly addNameRange number 2 { name: 'express', range: '>=2.3.0 <2.4.0', hasData: true }
164 silly addNameRange versions [ 'express',
164 silly addNameRange   [ '0.14.0',
164 silly addNameRange     '0.14.1',
164 silly addNameRange     '1.0.0',
164 silly addNameRange     '1.0.1',
164 silly addNameRange     '1.0.2',
164 silly addNameRange     '1.0.3',
164 silly addNameRange     '1.0.4',
164 silly addNameRange     '1.0.5',
164 silly addNameRange     '1.0.6',
164 silly addNameRange     '1.0.7',
164 silly addNameRange     '1.0.8',
164 silly addNameRange     '2.0.0',
164 silly addNameRange     '2.1.0',
164 silly addNameRange     '2.1.1',
164 silly addNameRange     '2.2.0',
164 silly addNameRange     '2.2.1',
164 silly addNameRange     '2.2.2',
164 silly addNameRange     '2.3.0',
164 silly addNameRange     '2.3.1',
164 silly addNameRange     '2.3.2',
164 silly addNameRange     '2.3.3',
164 silly addNameRange     '2.3.4',
164 silly addNameRange     '2.3.5',
164 silly addNameRange     '2.3.6',
164 silly addNameRange     '2.3.7',
164 silly addNameRange     '2.3.8',
164 silly addNameRange     '2.3.9',
164 silly addNameRange     '2.3.10',
164 silly addNameRange     '2.3.11',
164 silly addNameRange     '2.3.12',
164 silly addNameRange     '2.4.0',
164 silly addNameRange     '2.4.1',
164 silly addNameRange     '2.4.2',
164 silly addNameRange     '2.4.3',
164 silly addNameRange     '2.4.4',
164 silly addNameRange     '2.4.5',
164 silly addNameRange     '2.4.6',
164 silly addNameRange     '2.4.7',
164 silly addNameRange     '2.5.0',
164 silly addNameRange     '2.5.1',
164 silly addNameRange     '2.5.2',
164 silly addNameRange     '2.5.3',
164 silly addNameRange     '2.5.4',
164 silly addNameRange     '2.5.5',
164 silly addNameRange     '2.5.6',
164 silly addNameRange     '2.5.7',
164 silly addNameRange     '2.5.8',
164 silly addNameRange     '2.5.9',
164 silly addNameRange     '2.5.10',
164 silly addNameRange     '2.5.11',
164 silly addNameRange     '3.0.0',
164 silly addNameRange     '3.0.1',
164 silly addNameRange     '3.0.2',
164 silly addNameRange     '3.0.3',
164 silly addNameRange     '3.0.4',
164 silly addNameRange     '3.0.5',
164 silly addNameRange     '3.0.6',
164 silly addNameRange     '3.1.0',
164 silly addNameRange     '3.1.1',
164 silly addNameRange     '3.1.2',
164 silly addNameRange     '3.2.0',
164 silly addNameRange     '3.2.1',
164 silly addNameRange     '3.2.2',
164 silly addNameRange     '3.2.3',
164 silly addNameRange     '3.2.4',
164 silly addNameRange     '3.2.5',
164 silly addNameRange     '3.2.6',
164 silly addNameRange     '3.3.0',
164 silly addNameRange     '3.3.1',
164 silly addNameRange     '3.3.2',
164 silly addNameRange     '3.3.3',
164 silly addNameRange     '3.3.4',
164 silly addNameRange     '3.3.5',
164 silly addNameRange     '3.3.6',
164 silly addNameRange     '1.0.0-beta',
164 silly addNameRange     '1.0.0-beta2',
164 silly addNameRange     '1.0.0-rc',
164 silly addNameRange     '1.0.0-rc2',
164 silly addNameRange     '1.0.0-rc3',
164 silly addNameRange     '1.0.0-rc4',
164 silly addNameRange     '2.0.0-beta',
164 silly addNameRange     '2.0.0-beta2',
164 silly addNameRange     '2.0.0-beta3',
164 silly addNameRange     '2.0.0-rc',
164 silly addNameRange     '2.0.0-rc2',
164 silly addNameRange     '2.0.0-rc3',
164 silly addNameRange     '3.0.0-alpha1',
164 silly addNameRange     '3.0.0-alpha2',
164 silly addNameRange     '3.0.0-alpha3',
164 silly addNameRange     '3.0.0-alpha4',
164 silly addNameRange     '3.0.0-alpha5',
164 silly addNameRange     '3.0.0-beta1',
164 silly addNameRange     '3.0.0-beta2',
164 silly addNameRange     '3.0.0-beta3',
164 silly addNameRange     '3.0.0-beta4',
164 silly addNameRange     '3.0.0-beta6',
164 silly addNameRange     '3.0.0-beta7',
164 silly addNameRange     '3.0.0-rc1',
164 silly addNameRange     '3.0.0-rc2',
164 silly addNameRange     '3.0.0-rc3',
164 silly addNameRange     ... 163 more items ] ]
165 silly addNamed express@2.3.12
166 verbose addNamed "2.3.12" is a plain semver version for express
167 warn deprecated express@2.3.12: express 2.x series is deprecated
168 silly mapToRegistry name express
169 silly mapToRegistry using default registry
170 silly mapToRegistry registry https://registry.npmjs.org/
171 silly mapToRegistry uri https://registry.npmjs.org/express
172 verbose addRemoteTarball https://registry.npmjs.org/express/-/express-2.3.12.tgz not in flight; adding
173 verbose addRemoteTarball [ 'https://registry.npmjs.org/express/-/express-2.3.12.tgz',
173 verbose addRemoteTarball   '9e750c8e50ff976f89b4ed9e1ca6d534bad23014' ]
174 verbose get https://registry.npmjs.org/optimist not expired, no request
175 silly addNameRange number 2 { name: 'optimist', range: '>=0.2.0 <0.3.0', hasData: true }
176 silly addNameRange versions [ 'optimist',
176 silly addNameRange   [ '0.0.1',
176 silly addNameRange     '0.0.2',
176 silly addNameRange     '0.0.4',
176 silly addNameRange     '0.0.5',
176 silly addNameRange     '0.0.6',
176 silly addNameRange     '0.0.7',
176 silly addNameRange     '0.1.0',
176 silly addNameRange     '0.1.1',
176 silly addNameRange     '0.1.2',
176 silly addNameRange     '0.1.3',
176 silly addNameRange     '0.1.4',
176 silly addNameRange     '0.1.5',
176 silly addNameRange     '0.1.6',
176 silly addNameRange     '0.1.7',
176 silly addNameRange     '0.1.8',
176 silly addNameRange     '0.1.9',
176 silly addNameRange     '0.0.3',
176 silly addNameRange     '0.2.0',
176 silly addNameRange     '0.2.1',
176 silly addNameRange     '0.2.2',
176 silly addNameRange     '0.2.3',
176 silly addNameRange     '0.2.4',
176 silly addNameRange     '0.2.5',
176 silly addNameRange     '0.2.6',
176 silly addNameRange     '0.2.7',
176 silly addNameRange     '0.2.8',
176 silly addNameRange     '0.3.0',
176 silly addNameRange     '0.3.1',
176 silly addNameRange     '0.3.3',
176 silly addNameRange     '0.3.4',
176 silly addNameRange     '0.3.5',
176 silly addNameRange     '0.3.6',
176 silly addNameRange     '0.3.7',
176 silly addNameRange     '0.4.0',
176 silly addNameRange     '0.5.0',
176 silly addNameRange     '0.5.1',
176 silly addNameRange     '0.5.2',
176 silly addNameRange     '0.6.0',
176 silly addNameRange     '0.6.1' ] ]
177 silly addNamed optimist@0.2.8
178 verbose addNamed "0.2.8" is a plain semver version for optimist
179 silly mapToRegistry name optimist
180 silly mapToRegistry using default registry
181 silly mapToRegistry registry https://registry.npmjs.org/
182 silly mapToRegistry uri https://registry.npmjs.org/optimist
183 verbose addRemoteTarball https://registry.npmjs.org/optimist/-/optimist-0.2.8.tgz not in flight; adding
184 verbose addRemoteTarball [ 'https://registry.npmjs.org/optimist/-/optimist-0.2.8.tgz',
184 verbose addRemoteTarball   'e981ab7e268b457948593b55674c099a815cac31' ]
185 info retry fetch attempt 1 at 10:35:48 AM
186 info attempt registry request try #1 at 10:35:48 AM
187 http fetch GET https://registry.npmjs.org/express/-/express-2.3.12.tgz
188 silly cache afterAdd colors@0.6.2
189 verbose afterAdd /home/samuel/.npm/colors/0.6.2/package/package.json not in flight; writing
190 info retry fetch attempt 1 at 10:35:48 AM
191 info attempt registry request try #1 at 10:35:48 AM
192 http fetch GET https://registry.npmjs.org/optimist/-/optimist-0.2.8.tgz
193 verbose afterAdd /home/samuel/.npm/colors/0.6.2/package/package.json written
194 http fetch 200 https://registry.npmjs.org/optimist/-/optimist-0.2.8.tgz
195 silly fetchAndShaCheck shasum e981ab7e268b457948593b55674c099a815cac31
196 verbose addTmpTarball /tmp/npm-10092-64783579/registry.npmjs.org/optimist/-/optimist-0.2.8.tgz not in flight; adding
197 verbose addTmpTarball already have metadata; skipping unpack for optimist@0.2.8
198 silly cache afterAdd optimist@0.2.8
199 verbose afterAdd /home/samuel/.npm/optimist/0.2.8/package/package.json not in flight; writing
200 verbose afterAdd /home/samuel/.npm/optimist/0.2.8/package/package.json written
201 verbose stack Error: write EIO
201 verbose stack     at _errnoException (util.js:1022:11)
201 verbose stack     at WriteWrap.afterWrite [as oncomplete] (net.js:880:14)
202 verbose cwd /home/samuel/BCAI/ML/localWorker/GasEstimate
203 error Linux 4.4.0-18362-Microsoft
204 error argv "/usr/bin/node" "/usr/bin/npm" "install" "--save" "package_name" "--unsafe-perm=true" "--allow-root"
205 error node v8.10.0
206 error npm  v3.5.2
207 error code EIO
208 error errno EIO
209 error syscall write
210 error write EIO
211 error If you need help, you may report this error at:
211 error     <https://github.com/npm/npm/issues>
212 verbose exit [ 1, true ]
